{
  "RSpec": {
    "coverage": {
      "/Users/jacksonvaldez/Turing/3module/viewing_party_lite/app/helpers/application_helper.rb": {
        "lines": [
          1,
          null
        ]
      },
      "/Users/jacksonvaldez/Turing/3module/viewing_party_lite/app/facades/movie_facade.rb": {
        "lines": [
          1,
          null,
          1,
          19,
          19,
          1719,
          null,
          null,
          null,
          1,
          19,
          19,
          64,
          null,
          null,
          null,
          1,
          63,
          63,
          null,
          null,
          1,
          6,
          6,
          210,
          null,
          6,
          null,
          null,
          1,
          44,
          null,
          1,
          116,
          null,
          null
        ]
      },
      "/Users/jacksonvaldez/Turing/3module/viewing_party_lite/app/models/party_user.rb": {
        "lines": [
          1,
          1,
          1,
          null
        ]
      },
      "/Users/jacksonvaldez/Turing/3module/viewing_party_lite/app/models/application_record.rb": {
        "lines": [
          1,
          1,
          null
        ]
      },
      "/Users/jacksonvaldez/Turing/3module/viewing_party_lite/app/models/user.rb": {
        "lines": [
          1,
          1,
          1,
          null,
          1,
          1,
          null,
          1,
          1,
          1,
          null,
          1,
          null
        ]
      },
      "/Users/jacksonvaldez/Turing/3module/viewing_party_lite/app/models/viewing_party.rb": {
        "lines": [
          1,
          1,
          1,
          1,
          null
        ]
      },
      "/Users/jacksonvaldez/Turing/3module/viewing_party_lite/app/poros/cast_member.rb": {
        "lines": [
          1,
          null,
          1,
          null,
          1,
          1720,
          1720,
          null,
          null,
          null
        ]
      },
      "/Users/jacksonvaldez/Turing/3module/viewing_party_lite/app/poros/movie.rb": {
        "lines": [
          1,
          1,
          null,
          1,
          304,
          304,
          304,
          304,
          304,
          304,
          304,
          null,
          null
        ]
      },
      "/Users/jacksonvaldez/Turing/3module/viewing_party_lite/app/poros/review.rb": {
        "lines": [
          1,
          1,
          null,
          1,
          65,
          65,
          null,
          null
        ]
      },
      "/Users/jacksonvaldez/Turing/3module/viewing_party_lite/app/services/movie_service.rb": {
        "lines": [
          1,
          1,
          null,
          1,
          51,
          51,
          null,
          null,
          1,
          19,
          null,
          null,
          1,
          19,
          null,
          null,
          1,
          63,
          null,
          null,
          1,
          4,
          null,
          null,
          1,
          10,
          null,
          null,
          1,
          null,
          null,
          115,
          96,
          96,
          null,
          19,
          null,
          null,
          null
        ]
      },
      "/Users/jacksonvaldez/Turing/3module/viewing_party_lite/app/controllers/session_controller.rb": {
        "lines": [
          1,
          null,
          1,
          null,
          null,
          null,
          1,
          36,
          null,
          null,
          36,
          35,
          35,
          35,
          null,
          1,
          1,
          null,
          null,
          null,
          1,
          3,
          3,
          null,
          null,
          null
        ]
      },
      "/Users/jacksonvaldez/Turing/3module/viewing_party_lite/app/controllers/application_controller.rb": {
        "lines": [
          1,
          null
        ]
      },
      "/Users/jacksonvaldez/Turing/3module/viewing_party_lite/app/controllers/users_controller.rb": {
        "lines": [
          1,
          1,
          null,
          null,
          1,
          47,
          47,
          46,
          null,
          46,
          46,
          null,
          1,
          1,
          null,
          null,
          null,
          1,
          4,
          null,
          4,
          1,
          1,
          null,
          3,
          11,
          null,
          3,
          null,
          null,
          null,
          1,
          null,
          1,
          4,
          null,
          null,
          null
        ]
      },
      "/Users/jacksonvaldez/Turing/3module/viewing_party_lite/app/controllers/discover_controller.rb": {
        "lines": [
          1,
          null,
          1,
          14,
          null,
          null,
          null
        ]
      },
      "/Users/jacksonvaldez/Turing/3module/viewing_party_lite/app/controllers/movies_controller.rb": {
        "lines": [
          1,
          null,
          1,
          null,
          8,
          8,
          4,
          4,
          3,
          null,
          1,
          1,
          null,
          null,
          null,
          1,
          12,
          12,
          12,
          12,
          null,
          null,
          null
        ]
      },
      "/Users/jacksonvaldez/Turing/3module/viewing_party_lite/app/controllers/viewing_parties_controller.rb": {
        "lines": [
          1,
          1,
          9,
          8,
          8,
          8,
          null,
          1,
          1,
          null,
          null,
          null,
          1,
          2,
          2,
          null,
          null,
          null,
          null,
          null,
          null,
          2,
          2,
          null,
          2,
          4,
          2,
          null,
          null,
          2,
          null,
          null
        ]
      },
      "/Users/jacksonvaldez/Turing/3module/viewing_party_lite/app/controllers/welcome_controller.rb": {
        "lines": [
          1,
          1,
          20,
          null,
          null
        ]
      }
    },
    "timestamp": 1645206184
  }
}
